2022-12-12 15:26:14,912 [Worker-4: Loading available Gradle versions] INFO  o.e.b.c.i.u.g.PublishedGradleVersions - Gradle version information cache is up-to-date. Trying to read.
2022-12-12 15:27:47,207 [Worker-16: Importing Maven projects] INFO  o.e.m.c.i.l.LifecycleMappingFactory - Using org.eclipse.m2e.jdt.JarLifecycleMapping lifecycle mapping for MavenProject: com.chainsys:training:0.0.1-SNAPSHOT @ E:\Nov_Training\test\training\pom.xml.
2022-12-12 15:27:47,747 [Worker-16: Importing Maven projects] INFO  o.e.m.c.i.l.LifecycleMappingFactory - Using org.eclipse.m2e.jdt.JarLifecycleMapping lifecycle mapping for MavenProject: com.chainsys:training.JFS_Nov2022:0.0.1-SNAPSHOT @ E:\Nov_Training\test\JFS_Nov2022\pom.xml.
2022-12-12 15:27:47,815 [Worker-16: Importing Maven projects] INFO  o.e.m.c.i.l.LifecycleMappingFactory - Using org.eclipse.m2e.jdt.JarLifecycleMapping lifecycle mapping for MavenProject: org.chainsys:calculator:0.0.1-SNAPSHOT @ E:\Nov_Training\test\calculator\pom.xml.
2022-12-12 15:27:47,864 [Worker-16: Importing Maven projects] INFO  o.e.m.c.i.l.LifecycleMappingFactory - Using org.eclipse.m2e.jdt.JarLifecycleMapping lifecycle mapping for MavenProject: org.chainsys:calculator1:0.0.2-SNAPSHOT @ E:\Nov_Training\test\calculator1\pom.xml.
2022-12-12 15:27:47,869 [Worker-16: Importing Maven projects] INFO  o.e.m.c.i.p.WorkspaceClassifierResolverManager - Resolving P/calculator: org.chainsys:calculator:0.0.1-SNAPSHOT with classifier  to /calculator/target/classes
2022-12-12 15:27:47,906 [Worker-16: Importing Maven projects] INFO  o.e.m.c.i.l.LifecycleMappingFactory - Using org.eclipse.m2e.jdt.JarLifecycleMapping lifecycle mapping for MavenProject: com.chainsys:ValidatorExample:0.0.1-SNAPSHOT @ E:\Nov_Training\test\ValidatorExample\pom.xml.
2022-12-12 15:27:48,023 [Worker-16: Importing Maven projects] INFO  o.e.m.c.i.l.LifecycleMappingFactory - Using org.eclipse.m2e.jdt.JarLifecycleMapping lifecycle mapping for MavenProject: com.chainsys:hibernateValidation:0.0.1-SNAPSHOT @ E:\Nov_Training\test\hibernateValidation\pom.xml.
2022-12-12 15:27:48,160 [Worker-16: Importing Maven projects] INFO  o.e.m.c.i.l.LifecycleMappingFactory - Using org.eclipse.m2e.jdt.JarLifecycleMapping lifecycle mapping for MavenProject: org.chainsys:mavendemo:0.0.1-SNAPSHOT @ E:\Nov_Training\test\mavendemo\pom.xml.
2022-12-12 15:27:50,955 [Worker-2: Updating Maven Dependencies] INFO  o.e.m.c.i.l.LifecycleMappingFactory - Using org.eclipse.m2e.jdt.JarLifecycleMapping lifecycle mapping for MavenProject: com.chainsys:training:0.0.1-SNAPSHOT @ E:\Nov_Training\test\training\pom.xml.
2022-12-12 15:27:50,959 [Worker-16: Importing Maven projects] INFO  o.e.m.j.i.AbstractJavaProjectConfigurator - Adding source folder /training.JFS_Nov2022/src
2022-12-12 15:27:50,959 [Worker-16: Importing Maven projects] INFO  o.e.m.j.i.AbstractJavaProjectConfigurator - Resources folder /training.JFS_Nov2022/src overlaps with sources folder /training.JFS_Nov2022/src
2022-12-12 15:27:50,978 [Worker-16: Importing Maven projects] INFO  o.e.m.j.i.AbstractJavaProjectConfigurator - Not adding source folder /training.JFS_Nov2022/src/test/java because it overlaps with /training.JFS_Nov2022/src
2022-12-12 15:27:51,639 [Worker-16: Importing Maven projects] INFO  o.e.m.j.i.AbstractJavaProjectConfigurator - Adding source folder /calculator/src/main/java
2022-12-12 15:27:51,641 [Worker-16: Importing Maven projects] INFO  o.e.m.j.i.AbstractJavaProjectConfigurator - Adding source folder /calculator/src/test/java
2022-12-12 15:27:51,725 [Worker-16: Importing Maven projects] INFO  o.e.m.j.i.AbstractJavaProjectConfigurator - Adding source folder /calculator1/src/main/java
2022-12-12 15:27:51,726 [Worker-16: Importing Maven projects] INFO  o.e.m.j.i.AbstractJavaProjectConfigurator - Adding source folder /calculator1/src/test/java
2022-12-12 15:27:51,787 [Worker-16: Importing Maven projects] INFO  o.e.m.j.i.AbstractJavaProjectConfigurator - Adding source folder /training/src/main/java
2022-12-12 15:27:51,787 [Worker-16: Importing Maven projects] INFO  o.e.m.j.i.AbstractJavaProjectConfigurator - Adding source folder /training/src/test/java
2022-12-12 15:27:51,831 [Worker-16: Importing Maven projects] INFO  o.e.m.j.i.AbstractJavaProjectConfigurator - Adding source folder /mavendemo/src/main/java
2022-12-12 15:27:51,832 [Worker-16: Importing Maven projects] INFO  o.e.m.j.i.AbstractJavaProjectConfigurator - Adding source folder /mavendemo/src/test/java
2022-12-12 15:27:51,884 [Worker-16: Importing Maven projects] INFO  o.e.m.j.i.AbstractJavaProjectConfigurator - Adding source folder /hibernateValidation/src/main/java
2022-12-12 15:27:51,885 [Worker-16: Importing Maven projects] INFO  o.e.m.j.i.AbstractJavaProjectConfigurator - Adding source folder /hibernateValidation/src/test/java
2022-12-12 15:27:52,596 [Worker-16: Importing Maven projects] INFO  o.e.m.j.i.AbstractJavaProjectConfigurator - Adding source folder /ValidatorExample/src/main/java
2022-12-12 15:27:52,597 [Worker-16: Importing Maven projects] INFO  o.e.m.j.i.AbstractJavaProjectConfigurator - Adding source folder /ValidatorExample/src/test/java
2022-12-12 15:27:52,699 [Worker-16: Importing Maven projects] INFO  o.e.m.c.i.p.ProjectConfigurationManager - Imported and configured 7 project(s) in 21 sec
2022-12-12 15:27:54,172 [Worker-0: Building] INFO  o.e.m.c.i.embedder.EclipseLogger - Using 'UTF-8' encoding to copy filtered resources.
2022-12-12 15:27:54,173 [Worker-0: Building] INFO  o.e.m.c.i.embedder.EclipseLogger - skip non existing resourceDirectory E:\Nov_Training\test\ValidatorExample\src\main\resources
2022-12-12 15:27:54,175 [Worker-0: Building] INFO  o.e.m.c.i.embedder.EclipseLogger - Using 'UTF-8' encoding to copy filtered resources.
2022-12-12 15:27:54,176 [Worker-0: Building] INFO  o.e.m.c.i.embedder.EclipseLogger - skip non existing resourceDirectory E:\Nov_Training\test\ValidatorExample\src\test\resources
2022-12-12 15:27:55,157 [Worker-0: Building] INFO  o.e.m.c.i.embedder.EclipseLogger - Using 'UTF-8' encoding to copy filtered resources.
2022-12-12 15:27:55,158 [Worker-0: Building] INFO  o.e.m.c.i.embedder.EclipseLogger - skip non existing resourceDirectory E:\Nov_Training\test\calculator\src\main\resources
2022-12-12 15:27:55,159 [Worker-0: Building] INFO  o.e.m.c.i.embedder.EclipseLogger - Using 'UTF-8' encoding to copy filtered resources.
2022-12-12 15:27:55,159 [Worker-0: Building] INFO  o.e.m.c.i.embedder.EclipseLogger - skip non existing resourceDirectory E:\Nov_Training\test\calculator\src\test\resources
2022-12-12 15:27:55,356 [Worker-0: Building] INFO  o.e.m.c.i.p.WorkspaceClassifierResolverManager - Resolving P/calculator: org.chainsys:calculator:0.0.1-SNAPSHOT with classifier  to /calculator/target/classes
2022-12-12 15:27:55,359 [Worker-0: Building] INFO  o.e.m.c.i.embedder.EclipseLogger - Using 'UTF-8' encoding to copy filtered resources.
2022-12-12 15:27:55,359 [Worker-0: Building] INFO  o.e.m.c.i.embedder.EclipseLogger - skip non existing resourceDirectory E:\Nov_Training\test\calculator1\src\main\resources
2022-12-12 15:27:55,360 [Worker-0: Building] INFO  o.e.m.c.i.embedder.EclipseLogger - Using 'UTF-8' encoding to copy filtered resources.
2022-12-12 15:27:55,360 [Worker-0: Building] INFO  o.e.m.c.i.embedder.EclipseLogger - skip non existing resourceDirectory E:\Nov_Training\test\calculator1\src\test\resources
2022-12-12 15:27:55,911 [Worker-0: Building] INFO  o.e.m.c.i.embedder.EclipseLogger - Using 'UTF-8' encoding to copy filtered resources.
2022-12-12 15:27:55,911 [Worker-0: Building] INFO  o.e.m.c.i.embedder.EclipseLogger - skip non existing resourceDirectory E:\Nov_Training\test\hibernateValidation\src\main\resources
2022-12-12 15:27:55,912 [Worker-0: Building] INFO  o.e.m.c.i.embedder.EclipseLogger - Using 'UTF-8' encoding to copy filtered resources.
2022-12-12 15:27:55,913 [Worker-0: Building] INFO  o.e.m.c.i.embedder.EclipseLogger - skip non existing resourceDirectory E:\Nov_Training\test\hibernateValidation\src\test\resources
2022-12-12 15:27:56,086 [Worker-0: Building] INFO  o.e.m.c.i.embedder.EclipseLogger - Using 'UTF-8' encoding to copy filtered resources.
2022-12-12 15:27:56,086 [Worker-0: Building] INFO  o.e.m.c.i.embedder.EclipseLogger - skip non existing resourceDirectory E:\Nov_Training\test\mavendemo\src\main\resources
2022-12-12 15:27:56,087 [Worker-0: Building] INFO  o.e.m.c.i.embedder.EclipseLogger - Using 'UTF-8' encoding to copy filtered resources.
2022-12-12 15:27:56,087 [Worker-0: Building] INFO  o.e.m.c.i.embedder.EclipseLogger - skip non existing resourceDirectory E:\Nov_Training\test\mavendemo\src\test\resources
2022-12-12 15:27:56,262 [Worker-0: Building] INFO  o.e.m.c.i.embedder.EclipseLogger - Using 'UTF-8' encoding to copy filtered resources.
2022-12-12 15:27:56,262 [Worker-0: Building] INFO  o.e.m.c.i.embedder.EclipseLogger - skip non existing resourceDirectory E:\Nov_Training\test\training\src\main\resources
2022-12-12 15:27:56,264 [Worker-0: Building] INFO  o.e.m.c.i.embedder.EclipseLogger - Using 'UTF-8' encoding to copy filtered resources.
2022-12-12 15:27:56,264 [Worker-0: Building] INFO  o.e.m.c.i.embedder.EclipseLogger - skip non existing resourceDirectory E:\Nov_Training\test\training\src\test\resources
2022-12-12 15:27:59,164 [Worker-0: Building] WARN  o.e.m.c.i.embedder.EclipseLogger - Using platform encoding (Cp1252 actually) to copy filtered resources, i.e. build is platform dependent!
2022-12-12 15:27:59,177 [Worker-0: Building] INFO  o.e.m.c.i.embedder.EclipseLogger - Copying 17 resources
2022-12-12 15:27:59,387 [Worker-0: Building] WARN  o.e.m.c.i.embedder.EclipseLogger - Using platform encoding (Cp1252 actually) to copy filtered resources, i.e. build is platform dependent!
2022-12-12 15:27:59,389 [Worker-0: Building] INFO  o.e.m.c.i.embedder.EclipseLogger - skip non existing resourceDirectory E:\Nov_Training\test\JFS_Nov2022\src\test\resources
2022-12-12 15:33:56,883 [Worker-8: Building] WARN  o.e.m.c.i.embedder.EclipseLogger - Using platform encoding (Cp1252 actually) to copy filtered resources, i.e. build is platform dependent!
2022-12-12 15:33:56,889 [Worker-8: Building] INFO  o.e.m.c.i.embedder.EclipseLogger - Copying 1 resource
2022-12-12 15:33:56,910 [Worker-8: Building] WARN  o.e.m.c.i.embedder.EclipseLogger - Using platform encoding (Cp1252 actually) to copy filtered resources, i.e. build is platform dependent!
2022-12-12 15:33:56,912 [Worker-8: Building] INFO  o.e.m.c.i.embedder.EclipseLogger - skip non existing resourceDirectory E:\Nov_Training\test\JFS_Nov2022\src\test\resources
2022-12-12 15:34:34,349 [Worker-8: Building] WARN  o.e.m.c.i.embedder.EclipseLogger - Using platform encoding (Cp1252 actually) to copy filtered resources, i.e. build is platform dependent!
2022-12-12 15:34:34,371 [Worker-8: Building] INFO  o.e.m.c.i.embedder.EclipseLogger - Copying 18 resources
2022-12-12 15:34:34,415 [Worker-8: Building] WARN  o.e.m.c.i.embedder.EclipseLogger - Using platform encoding (Cp1252 actually) to copy filtered resources, i.e. build is platform dependent!
2022-12-12 15:34:34,416 [Worker-8: Building] INFO  o.e.m.c.i.embedder.EclipseLogger - skip non existing resourceDirectory E:\Nov_Training\test\JFS_Nov2022\src\test\resources
2022-12-12 15:34:36,331 [Worker-21: Building] INFO  o.e.m.c.i.embedder.EclipseLogger - Using 'UTF-8' encoding to copy filtered resources.
2022-12-12 15:34:36,331 [Worker-21: Building] INFO  o.e.m.c.i.embedder.EclipseLogger - skip non existing resourceDirectory E:\Nov_Training\test\ValidatorExample\src\main\resources
2022-12-12 15:34:36,333 [Worker-21: Building] INFO  o.e.m.c.i.embedder.EclipseLogger - Using 'UTF-8' encoding to copy filtered resources.
2022-12-12 15:34:36,333 [Worker-21: Building] INFO  o.e.m.c.i.embedder.EclipseLogger - skip non existing resourceDirectory E:\Nov_Training\test\ValidatorExample\src\test\resources
2022-12-12 15:34:36,352 [Worker-21: Building] INFO  o.e.m.c.i.embedder.EclipseLogger - Using 'UTF-8' encoding to copy filtered resources.
2022-12-12 15:34:36,352 [Worker-21: Building] INFO  o.e.m.c.i.embedder.EclipseLogger - skip non existing resourceDirectory E:\Nov_Training\test\calculator\src\main\resources
2022-12-12 15:34:36,355 [Worker-21: Building] INFO  o.e.m.c.i.embedder.EclipseLogger - Using 'UTF-8' encoding to copy filtered resources.
2022-12-12 15:34:36,356 [Worker-21: Building] INFO  o.e.m.c.i.embedder.EclipseLogger - skip non existing resourceDirectory E:\Nov_Training\test\calculator\src\test\resources
2022-12-12 15:34:36,377 [Worker-21: Building] INFO  o.e.m.c.i.p.WorkspaceClassifierResolverManager - Resolving P/calculator: org.chainsys:calculator:0.0.1-SNAPSHOT with classifier  to /calculator/target/classes
2022-12-12 15:34:36,381 [Worker-21: Building] INFO  o.e.m.c.i.embedder.EclipseLogger - Using 'UTF-8' encoding to copy filtered resources.
2022-12-12 15:34:36,382 [Worker-21: Building] INFO  o.e.m.c.i.embedder.EclipseLogger - skip non existing resourceDirectory E:\Nov_Training\test\calculator1\src\main\resources
2022-12-12 15:34:36,383 [Worker-21: Building] INFO  o.e.m.c.i.embedder.EclipseLogger - Using 'UTF-8' encoding to copy filtered resources.
2022-12-12 15:34:36,383 [Worker-21: Building] INFO  o.e.m.c.i.embedder.EclipseLogger - skip non existing resourceDirectory E:\Nov_Training\test\calculator1\src\test\resources
2022-12-12 15:34:36,519 [Worker-21: Building] INFO  o.e.m.c.i.embedder.EclipseLogger - Using 'UTF-8' encoding to copy filtered resources.
2022-12-12 15:34:36,520 [Worker-21: Building] INFO  o.e.m.c.i.embedder.EclipseLogger - skip non existing resourceDirectory E:\Nov_Training\test\hibernateValidation\src\main\resources
2022-12-12 15:34:36,521 [Worker-21: Building] INFO  o.e.m.c.i.embedder.EclipseLogger - Using 'UTF-8' encoding to copy filtered resources.
2022-12-12 15:34:36,521 [Worker-21: Building] INFO  o.e.m.c.i.embedder.EclipseLogger - skip non existing resourceDirectory E:\Nov_Training\test\hibernateValidation\src\test\resources
2022-12-12 15:34:36,544 [Worker-21: Building] INFO  o.e.m.c.i.embedder.EclipseLogger - Using 'UTF-8' encoding to copy filtered resources.
2022-12-12 15:34:36,544 [Worker-21: Building] INFO  o.e.m.c.i.embedder.EclipseLogger - skip non existing resourceDirectory E:\Nov_Training\test\mavendemo\src\main\resources
2022-12-12 15:34:36,546 [Worker-21: Building] INFO  o.e.m.c.i.embedder.EclipseLogger - Using 'UTF-8' encoding to copy filtered resources.
2022-12-12 15:34:36,546 [Worker-21: Building] INFO  o.e.m.c.i.embedder.EclipseLogger - skip non existing resourceDirectory E:\Nov_Training\test\mavendemo\src\test\resources
2022-12-12 15:34:36,575 [Worker-21: Building] INFO  o.e.m.c.i.embedder.EclipseLogger - Using 'UTF-8' encoding to copy filtered resources.
2022-12-12 15:34:36,575 [Worker-21: Building] INFO  o.e.m.c.i.embedder.EclipseLogger - skip non existing resourceDirectory E:\Nov_Training\test\training\src\main\resources
2022-12-12 15:34:36,577 [Worker-21: Building] INFO  o.e.m.c.i.embedder.EclipseLogger - Using 'UTF-8' encoding to copy filtered resources.
2022-12-12 15:34:36,577 [Worker-21: Building] INFO  o.e.m.c.i.embedder.EclipseLogger - skip non existing resourceDirectory E:\Nov_Training\test\training\src\test\resources
2022-12-12 15:34:36,883 [Worker-21: Building] WARN  o.e.m.c.i.embedder.EclipseLogger - Using platform encoding (Cp1252 actually) to copy filtered resources, i.e. build is platform dependent!
2022-12-12 15:34:36,885 [Worker-21: Building] INFO  o.e.m.c.i.embedder.EclipseLogger - Copying 0 resource
2022-12-12 15:34:36,886 [Worker-21: Building] WARN  o.e.m.c.i.embedder.EclipseLogger - Using platform encoding (Cp1252 actually) to copy filtered resources, i.e. build is platform dependent!
2022-12-12 15:34:36,887 [Worker-21: Building] INFO  o.e.m.c.i.embedder.EclipseLogger - skip non existing resourceDirectory E:\Nov_Training\test\JFS_Nov2022\src\test\resources
2022-12-12 15:34:47,886 [Worker-21: Building] WARN  o.e.m.c.i.embedder.EclipseLogger - Using platform encoding (Cp1252 actually) to copy filtered resources, i.e. build is platform dependent!
2022-12-12 15:34:47,915 [Worker-21: Building] INFO  o.e.m.c.i.embedder.EclipseLogger - Copying 18 resources
2022-12-12 15:34:47,957 [Worker-21: Building] WARN  o.e.m.c.i.embedder.EclipseLogger - Using platform encoding (Cp1252 actually) to copy filtered resources, i.e. build is platform dependent!
2022-12-12 15:34:47,958 [Worker-21: Building] INFO  o.e.m.c.i.embedder.EclipseLogger - skip non existing resourceDirectory E:\Nov_Training\test\JFS_Nov2022\src\test\resources
2022-12-12 15:35:00,156 [Worker-21: Building] WARN  o.e.m.c.i.embedder.EclipseLogger - Using platform encoding (Cp1252 actually) to copy filtered resources, i.e. build is platform dependent!
2022-12-12 15:35:00,165 [Worker-21: Building] INFO  o.e.m.c.i.embedder.EclipseLogger - Copying 18 resources
2022-12-12 15:35:00,170 [Worker-21: Building] WARN  o.e.m.c.i.embedder.EclipseLogger - Using platform encoding (Cp1252 actually) to copy filtered resources, i.e. build is platform dependent!
2022-12-12 15:35:00,171 [Worker-21: Building] INFO  o.e.m.c.i.embedder.EclipseLogger - skip non existing resourceDirectory E:\Nov_Training\test\JFS_Nov2022\src\test\resources
2022-12-12 15:35:26,324 [Worker-20: Building] WARN  o.e.m.c.i.embedder.EclipseLogger - Using platform encoding (Cp1252 actually) to copy filtered resources, i.e. build is platform dependent!
2022-12-12 15:35:26,341 [Worker-20: Building] INFO  o.e.m.c.i.embedder.EclipseLogger - Copying 18 resources
2022-12-12 15:35:26,371 [Worker-20: Building] WARN  o.e.m.c.i.embedder.EclipseLogger - Using platform encoding (Cp1252 actually) to copy filtered resources, i.e. build is platform dependent!
2022-12-12 15:35:26,372 [Worker-20: Building] INFO  o.e.m.c.i.embedder.EclipseLogger - skip non existing resourceDirectory E:\Nov_Training\test\JFS_Nov2022\src\test\resources
2022-12-12 15:35:45,297 [Worker-8: Building] WARN  o.e.m.c.i.embedder.EclipseLogger - Using platform encoding (Cp1252 actually) to copy filtered resources, i.e. build is platform dependent!
2022-12-12 15:35:45,319 [Worker-8: Building] INFO  o.e.m.c.i.embedder.EclipseLogger - Copying 18 resources
2022-12-12 15:35:45,326 [Worker-8: Building] WARN  o.e.m.c.i.embedder.EclipseLogger - Using platform encoding (Cp1252 actually) to copy filtered resources, i.e. build is platform dependent!
2022-12-12 15:35:45,328 [Worker-8: Building] INFO  o.e.m.c.i.embedder.EclipseLogger - skip non existing resourceDirectory E:\Nov_Training\test\JFS_Nov2022\src\test\resources
2022-12-12 16:39:50,184 [Worker-25: Building] WARN  o.e.m.c.i.embedder.EclipseLogger - Using platform encoding (Cp1252 actually) to copy filtered resources, i.e. build is platform dependent!
2022-12-12 16:39:50,209 [Worker-25: Building] INFO  o.e.m.c.i.embedder.EclipseLogger - Copying 18 resources
2022-12-12 16:39:50,245 [Worker-25: Building] WARN  o.e.m.c.i.embedder.EclipseLogger - Using platform encoding (Cp1252 actually) to copy filtered resources, i.e. build is platform dependent!
2022-12-12 16:39:50,246 [Worker-25: Building] INFO  o.e.m.c.i.embedder.EclipseLogger - skip non existing resourceDirectory E:\Nov_Training\test\JFS_Nov2022\src\test\resources
2022-12-12 16:39:53,174 [Worker-24: Building] WARN  o.e.m.c.i.embedder.EclipseLogger - Using platform encoding (Cp1252 actually) to copy filtered resources, i.e. build is platform dependent!
2022-12-12 16:39:53,193 [Worker-24: Building] INFO  o.e.m.c.i.embedder.EclipseLogger - Copying 18 resources
2022-12-12 16:39:53,200 [Worker-24: Building] WARN  o.e.m.c.i.embedder.EclipseLogger - Using platform encoding (Cp1252 actually) to copy filtered resources, i.e. build is platform dependent!
2022-12-12 16:39:53,202 [Worker-24: Building] INFO  o.e.m.c.i.embedder.EclipseLogger - skip non existing resourceDirectory E:\Nov_Training\test\JFS_Nov2022\src\test\resources
2022-12-12 16:50:14,113 [Worker-32: Building] WARN  o.e.m.c.i.embedder.EclipseLogger - Using platform encoding (Cp1252 actually) to copy filtered resources, i.e. build is platform dependent!
2022-12-12 16:50:14,153 [Worker-32: Building] INFO  o.e.m.c.i.embedder.EclipseLogger - Copying 18 resources
2022-12-12 16:50:14,206 [Worker-32: Building] WARN  o.e.m.c.i.embedder.EclipseLogger - Using platform encoding (Cp1252 actually) to copy filtered resources, i.e. build is platform dependent!
2022-12-12 16:50:14,207 [Worker-32: Building] INFO  o.e.m.c.i.embedder.EclipseLogger - skip non existing resourceDirectory E:\Nov_Training\test\JFS_Nov2022\src\test\resources
2022-12-12 16:50:48,077 [Worker-32: Building] WARN  o.e.m.c.i.embedder.EclipseLogger - Using platform encoding (Cp1252 actually) to copy filtered resources, i.e. build is platform dependent!
2022-12-12 16:50:48,102 [Worker-32: Building] INFO  o.e.m.c.i.embedder.EclipseLogger - Copying 18 resources
2022-12-12 16:50:48,145 [Worker-32: Building] WARN  o.e.m.c.i.embedder.EclipseLogger - Using platform encoding (Cp1252 actually) to copy filtered resources, i.e. build is platform dependent!
2022-12-12 16:50:48,146 [Worker-32: Building] INFO  o.e.m.c.i.embedder.EclipseLogger - skip non existing resourceDirectory E:\Nov_Training\test\JFS_Nov2022\src\test\resources
2022-12-12 16:51:01,418 [Worker-33: Building] WARN  o.e.m.c.i.embedder.EclipseLogger - Using platform encoding (Cp1252 actually) to copy filtered resources, i.e. build is platform dependent!
2022-12-12 16:51:01,426 [Worker-33: Building] INFO  o.e.m.c.i.embedder.EclipseLogger - Copying 18 resources
2022-12-12 16:51:01,431 [Worker-33: Building] WARN  o.e.m.c.i.embedder.EclipseLogger - Using platform encoding (Cp1252 actually) to copy filtered resources, i.e. build is platform dependent!
2022-12-12 16:51:01,432 [Worker-33: Building] INFO  o.e.m.c.i.embedder.EclipseLogger - skip non existing resourceDirectory E:\Nov_Training\test\JFS_Nov2022\src\test\resources
2022-12-12 16:51:13,116 [Worker-33: Building] WARN  o.e.m.c.i.embedder.EclipseLogger - Using platform encoding (Cp1252 actually) to copy filtered resources, i.e. build is platform dependent!
2022-12-12 16:51:13,142 [Worker-33: Building] INFO  o.e.m.c.i.embedder.EclipseLogger - Copying 18 resources
2022-12-12 16:51:13,154 [Worker-33: Building] WARN  o.e.m.c.i.embedder.EclipseLogger - Using platform encoding (Cp1252 actually) to copy filtered resources, i.e. build is platform dependent!
2022-12-12 16:51:13,156 [Worker-33: Building] INFO  o.e.m.c.i.embedder.EclipseLogger - skip non existing resourceDirectory E:\Nov_Training\test\JFS_Nov2022\src\test\resources
2022-12-12 16:51:32,289 [Worker-33: Building] WARN  o.e.m.c.i.embedder.EclipseLogger - Using platform encoding (Cp1252 actually) to copy filtered resources, i.e. build is platform dependent!
2022-12-12 16:51:32,309 [Worker-33: Building] INFO  o.e.m.c.i.embedder.EclipseLogger - Copying 18 resources
2022-12-12 16:51:32,354 [Worker-33: Building] WARN  o.e.m.c.i.embedder.EclipseLogger - Using platform encoding (Cp1252 actually) to copy filtered resources, i.e. build is platform dependent!
2022-12-12 16:51:32,355 [Worker-33: Building] INFO  o.e.m.c.i.embedder.EclipseLogger - skip non existing resourceDirectory E:\Nov_Training\test\JFS_Nov2022\src\test\resources
2022-12-12 16:52:42,842 [Worker-33: Building] WARN  o.e.m.c.i.embedder.EclipseLogger - Using platform encoding (Cp1252 actually) to copy filtered resources, i.e. build is platform dependent!
2022-12-12 16:52:42,868 [Worker-33: Building] INFO  o.e.m.c.i.embedder.EclipseLogger - Copying 18 resources
2022-12-12 16:52:42,907 [Worker-33: Building] WARN  o.e.m.c.i.embedder.EclipseLogger - Using platform encoding (Cp1252 actually) to copy filtered resources, i.e. build is platform dependent!
2022-12-12 16:52:42,908 [Worker-33: Building] INFO  o.e.m.c.i.embedder.EclipseLogger - skip non existing resourceDirectory E:\Nov_Training\test\JFS_Nov2022\src\test\resources
2022-12-12 16:57:24,274 [Worker-35: Building] WARN  o.e.m.c.i.embedder.EclipseLogger - Using platform encoding (Cp1252 actually) to copy filtered resources, i.e. build is platform dependent!
2022-12-12 16:57:24,295 [Worker-35: Building] INFO  o.e.m.c.i.embedder.EclipseLogger - Copying 18 resources
2022-12-12 16:57:24,339 [Worker-35: Building] WARN  o.e.m.c.i.embedder.EclipseLogger - Using platform encoding (Cp1252 actually) to copy filtered resources, i.e. build is platform dependent!
2022-12-12 16:57:24,340 [Worker-35: Building] INFO  o.e.m.c.i.embedder.EclipseLogger - skip non existing resourceDirectory E:\Nov_Training\test\JFS_Nov2022\src\test\resources
2022-12-12 16:57:56,486 [Worker-34: Building] WARN  o.e.m.c.i.embedder.EclipseLogger - Using platform encoding (Cp1252 actually) to copy filtered resources, i.e. build is platform dependent!
2022-12-12 16:57:56,507 [Worker-34: Building] INFO  o.e.m.c.i.embedder.EclipseLogger - Copying 18 resources
2022-12-12 16:57:56,549 [Worker-34: Building] WARN  o.e.m.c.i.embedder.EclipseLogger - Using platform encoding (Cp1252 actually) to copy filtered resources, i.e. build is platform dependent!
2022-12-12 16:57:56,550 [Worker-34: Building] INFO  o.e.m.c.i.embedder.EclipseLogger - skip non existing resourceDirectory E:\Nov_Training\test\JFS_Nov2022\src\test\resources
2022-12-12 16:58:12,596 [Worker-31: Launching ProductTest1] WARN  o.e.m.c.i.embedder.EclipseLogger - Using platform encoding (Cp1252 actually) to copy filtered resources, i.e. build is platform dependent!
2022-12-12 16:58:12,619 [Worker-31: Launching ProductTest1] INFO  o.e.m.c.i.embedder.EclipseLogger - Copying 18 resources
2022-12-12 16:58:12,629 [Worker-31: Launching ProductTest1] WARN  o.e.m.c.i.embedder.EclipseLogger - Using platform encoding (Cp1252 actually) to copy filtered resources, i.e. build is platform dependent!
2022-12-12 16:58:12,633 [Worker-31: Launching ProductTest1] INFO  o.e.m.c.i.embedder.EclipseLogger - skip non existing resourceDirectory E:\Nov_Training\test\JFS_Nov2022\src\test\resources
2022-12-12 16:58:47,698 [Worker-34: Building] WARN  o.e.m.c.i.embedder.EclipseLogger - Using platform encoding (Cp1252 actually) to copy filtered resources, i.e. build is platform dependent!
2022-12-12 16:58:47,718 [Worker-34: Building] INFO  o.e.m.c.i.embedder.EclipseLogger - Copying 18 resources
2022-12-12 16:58:47,751 [Worker-34: Building] WARN  o.e.m.c.i.embedder.EclipseLogger - Using platform encoding (Cp1252 actually) to copy filtered resources, i.e. build is platform dependent!
2022-12-12 16:58:47,751 [Worker-34: Building] INFO  o.e.m.c.i.embedder.EclipseLogger - skip non existing resourceDirectory E:\Nov_Training\test\JFS_Nov2022\src\test\resources
2022-12-12 16:59:24,418 [Worker-37: Building] WARN  o.e.m.c.i.embedder.EclipseLogger - Using platform encoding (Cp1252 actually) to copy filtered resources, i.e. build is platform dependent!
2022-12-12 16:59:24,449 [Worker-37: Building] INFO  o.e.m.c.i.embedder.EclipseLogger - Copying 18 resources
2022-12-12 16:59:24,482 [Worker-37: Building] WARN  o.e.m.c.i.embedder.EclipseLogger - Using platform encoding (Cp1252 actually) to copy filtered resources, i.e. build is platform dependent!
2022-12-12 16:59:24,482 [Worker-37: Building] INFO  o.e.m.c.i.embedder.EclipseLogger - skip non existing resourceDirectory E:\Nov_Training\test\JFS_Nov2022\src\test\resources
2022-12-12 17:01:25,297 [Worker-34: Building] WARN  o.e.m.c.i.embedder.EclipseLogger - Using platform encoding (Cp1252 actually) to copy filtered resources, i.e. build is platform dependent!
2022-12-12 17:01:25,317 [Worker-34: Building] INFO  o.e.m.c.i.embedder.EclipseLogger - Copying 18 resources
2022-12-12 17:01:25,348 [Worker-34: Building] WARN  o.e.m.c.i.embedder.EclipseLogger - Using platform encoding (Cp1252 actually) to copy filtered resources, i.e. build is platform dependent!
2022-12-12 17:01:25,350 [Worker-34: Building] INFO  o.e.m.c.i.embedder.EclipseLogger - skip non existing resourceDirectory E:\Nov_Training\test\JFS_Nov2022\src\test\resources
2022-12-12 17:02:36,132 [Worker-37: Building] WARN  o.e.m.c.i.embedder.EclipseLogger - Using platform encoding (Cp1252 actually) to copy filtered resources, i.e. build is platform dependent!
2022-12-12 17:02:36,179 [Worker-37: Building] INFO  o.e.m.c.i.embedder.EclipseLogger - Copying 18 resources
2022-12-12 17:02:36,264 [Worker-37: Building] WARN  o.e.m.c.i.embedder.EclipseLogger - Using platform encoding (Cp1252 actually) to copy filtered resources, i.e. build is platform dependent!
2022-12-12 17:02:36,265 [Worker-37: Building] INFO  o.e.m.c.i.embedder.EclipseLogger - skip non existing resourceDirectory E:\Nov_Training\test\JFS_Nov2022\src\test\resources
2022-12-12 17:03:42,617 [Worker-35: Building] WARN  o.e.m.c.i.embedder.EclipseLogger - Using platform encoding (Cp1252 actually) to copy filtered resources, i.e. build is platform dependent!
2022-12-12 17:03:42,636 [Worker-35: Building] INFO  o.e.m.c.i.embedder.EclipseLogger - Copying 18 resources
2022-12-12 17:03:42,668 [Worker-35: Building] WARN  o.e.m.c.i.embedder.EclipseLogger - Using platform encoding (Cp1252 actually) to copy filtered resources, i.e. build is platform dependent!
2022-12-12 17:03:42,669 [Worker-35: Building] INFO  o.e.m.c.i.embedder.EclipseLogger - skip non existing resourceDirectory E:\Nov_Training\test\JFS_Nov2022\src\test\resources
2022-12-12 17:04:06,999 [Worker-31: Building] WARN  o.e.m.c.i.embedder.EclipseLogger - Using platform encoding (Cp1252 actually) to copy filtered resources, i.e. build is platform dependent!
2022-12-12 17:04:07,018 [Worker-31: Building] INFO  o.e.m.c.i.embedder.EclipseLogger - Copying 18 resources
2022-12-12 17:04:07,029 [Worker-31: Building] WARN  o.e.m.c.i.embedder.EclipseLogger - Using platform encoding (Cp1252 actually) to copy filtered resources, i.e. build is platform dependent!
2022-12-12 17:04:07,031 [Worker-31: Building] INFO  o.e.m.c.i.embedder.EclipseLogger - skip non existing resourceDirectory E:\Nov_Training\test\JFS_Nov2022\src\test\resources
2022-12-12 17:04:35,610 [Worker-37: Building] WARN  o.e.m.c.i.embedder.EclipseLogger - Using platform encoding (Cp1252 actually) to copy filtered resources, i.e. build is platform dependent!
2022-12-12 17:04:35,630 [Worker-37: Building] INFO  o.e.m.c.i.embedder.EclipseLogger - Copying 18 resources
2022-12-12 17:04:35,665 [Worker-37: Building] WARN  o.e.m.c.i.embedder.EclipseLogger - Using platform encoding (Cp1252 actually) to copy filtered resources, i.e. build is platform dependent!
2022-12-12 17:04:35,665 [Worker-37: Building] INFO  o.e.m.c.i.embedder.EclipseLogger - skip non existing resourceDirectory E:\Nov_Training\test\JFS_Nov2022\src\test\resources
2022-12-12 17:05:53,521 [Worker-37: Building] WARN  o.e.m.c.i.embedder.EclipseLogger - Using platform encoding (Cp1252 actually) to copy filtered resources, i.e. build is platform dependent!
2022-12-12 17:05:53,542 [Worker-37: Building] INFO  o.e.m.c.i.embedder.EclipseLogger - Copying 18 resources
2022-12-12 17:05:53,572 [Worker-37: Building] WARN  o.e.m.c.i.embedder.EclipseLogger - Using platform encoding (Cp1252 actually) to copy filtered resources, i.e. build is platform dependent!
2022-12-12 17:05:53,573 [Worker-37: Building] INFO  o.e.m.c.i.embedder.EclipseLogger - skip non existing resourceDirectory E:\Nov_Training\test\JFS_Nov2022\src\test\resources
2022-12-12 17:06:17,335 [Worker-36: Building] WARN  o.e.m.c.i.embedder.EclipseLogger - Using platform encoding (Cp1252 actually) to copy filtered resources, i.e. build is platform dependent!
2022-12-12 17:06:17,344 [Worker-36: Building] INFO  o.e.m.c.i.embedder.EclipseLogger - Copying 18 resources
2022-12-12 17:06:17,349 [Worker-36: Building] WARN  o.e.m.c.i.embedder.EclipseLogger - Using platform encoding (Cp1252 actually) to copy filtered resources, i.e. build is platform dependent!
2022-12-12 17:06:17,350 [Worker-36: Building] INFO  o.e.m.c.i.embedder.EclipseLogger - skip non existing resourceDirectory E:\Nov_Training\test\JFS_Nov2022\src\test\resources
2022-12-12 17:06:26,156 [Worker-31: Building] WARN  o.e.m.c.i.embedder.EclipseLogger - Using platform encoding (Cp1252 actually) to copy filtered resources, i.e. build is platform dependent!
2022-12-12 17:06:26,179 [Worker-31: Building] INFO  o.e.m.c.i.embedder.EclipseLogger - Copying 18 resources
2022-12-12 17:06:26,214 [Worker-31: Building] WARN  o.e.m.c.i.embedder.EclipseLogger - Using platform encoding (Cp1252 actually) to copy filtered resources, i.e. build is platform dependent!
2022-12-12 17:06:26,215 [Worker-31: Building] INFO  o.e.m.c.i.embedder.EclipseLogger - skip non existing resourceDirectory E:\Nov_Training\test\JFS_Nov2022\src\test\resources
2022-12-12 17:07:50,794 [Worker-34: Building] WARN  o.e.m.c.i.embedder.EclipseLogger - Using platform encoding (Cp1252 actually) to copy filtered resources, i.e. build is platform dependent!
2022-12-12 17:07:50,816 [Worker-34: Building] INFO  o.e.m.c.i.embedder.EclipseLogger - Copying 18 resources
2022-12-12 17:07:50,856 [Worker-34: Building] WARN  o.e.m.c.i.embedder.EclipseLogger - Using platform encoding (Cp1252 actually) to copy filtered resources, i.e. build is platform dependent!
2022-12-12 17:07:50,857 [Worker-34: Building] INFO  o.e.m.c.i.embedder.EclipseLogger - skip non existing resourceDirectory E:\Nov_Training\test\JFS_Nov2022\src\test\resources
2022-12-12 17:08:33,888 [Worker-37: Building] WARN  o.e.m.c.i.embedder.EclipseLogger - Using platform encoding (Cp1252 actually) to copy filtered resources, i.e. build is platform dependent!
2022-12-12 17:08:33,916 [Worker-37: Building] INFO  o.e.m.c.i.embedder.EclipseLogger - Copying 18 resources
2022-12-12 17:08:33,962 [Worker-37: Building] WARN  o.e.m.c.i.embedder.EclipseLogger - Using platform encoding (Cp1252 actually) to copy filtered resources, i.e. build is platform dependent!
2022-12-12 17:08:33,963 [Worker-37: Building] INFO  o.e.m.c.i.embedder.EclipseLogger - skip non existing resourceDirectory E:\Nov_Training\test\JFS_Nov2022\src\test\resources
2022-12-12 17:09:02,277 [Worker-37: Building] WARN  o.e.m.c.i.embedder.EclipseLogger - Using platform encoding (Cp1252 actually) to copy filtered resources, i.e. build is platform dependent!
2022-12-12 17:09:02,287 [Worker-37: Building] INFO  o.e.m.c.i.embedder.EclipseLogger - Copying 18 resources
2022-12-12 17:09:02,292 [Worker-37: Building] WARN  o.e.m.c.i.embedder.EclipseLogger - Using platform encoding (Cp1252 actually) to copy filtered resources, i.e. build is platform dependent!
2022-12-12 17:09:02,293 [Worker-37: Building] INFO  o.e.m.c.i.embedder.EclipseLogger - skip non existing resourceDirectory E:\Nov_Training\test\JFS_Nov2022\src\test\resources
2022-12-12 17:09:22,310 [Worker-36: Building] WARN  o.e.m.c.i.embedder.EclipseLogger - Using platform encoding (Cp1252 actually) to copy filtered resources, i.e. build is platform dependent!
2022-12-12 17:09:22,332 [Worker-36: Building] INFO  o.e.m.c.i.embedder.EclipseLogger - Copying 18 resources
2022-12-12 17:09:22,367 [Worker-36: Building] WARN  o.e.m.c.i.embedder.EclipseLogger - Using platform encoding (Cp1252 actually) to copy filtered resources, i.e. build is platform dependent!
2022-12-12 17:09:22,368 [Worker-36: Building] INFO  o.e.m.c.i.embedder.EclipseLogger - skip non existing resourceDirectory E:\Nov_Training\test\JFS_Nov2022\src\test\resources
2022-12-12 17:09:59,396 [Worker-35: Building] WARN  o.e.m.c.i.embedder.EclipseLogger - Using platform encoding (Cp1252 actually) to copy filtered resources, i.e. build is platform dependent!
2022-12-12 17:09:59,420 [Worker-35: Building] INFO  o.e.m.c.i.embedder.EclipseLogger - Copying 18 resources
2022-12-12 17:09:59,455 [Worker-35: Building] WARN  o.e.m.c.i.embedder.EclipseLogger - Using platform encoding (Cp1252 actually) to copy filtered resources, i.e. build is platform dependent!
2022-12-12 17:09:59,456 [Worker-35: Building] INFO  o.e.m.c.i.embedder.EclipseLogger - skip non existing resourceDirectory E:\Nov_Training\test\JFS_Nov2022\src\test\resources
2022-12-12 17:11:02,796 [Worker-38: Building] WARN  o.e.m.c.i.embedder.EclipseLogger - Using platform encoding (Cp1252 actually) to copy filtered resources, i.e. build is platform dependent!
2022-12-12 17:11:02,826 [Worker-38: Building] INFO  o.e.m.c.i.embedder.EclipseLogger - Copying 18 resources
2022-12-12 17:11:02,876 [Worker-38: Building] WARN  o.e.m.c.i.embedder.EclipseLogger - Using platform encoding (Cp1252 actually) to copy filtered resources, i.e. build is platform dependent!
2022-12-12 17:11:02,877 [Worker-38: Building] INFO  o.e.m.c.i.embedder.EclipseLogger - skip non existing resourceDirectory E:\Nov_Training\test\JFS_Nov2022\src\test\resources
2022-12-12 17:11:34,689 [Worker-33: Building] WARN  o.e.m.c.i.embedder.EclipseLogger - Using platform encoding (Cp1252 actually) to copy filtered resources, i.e. build is platform dependent!
2022-12-12 17:11:34,708 [Worker-33: Building] INFO  o.e.m.c.i.embedder.EclipseLogger - Copying 18 resources
2022-12-12 17:11:34,740 [Worker-33: Building] WARN  o.e.m.c.i.embedder.EclipseLogger - Using platform encoding (Cp1252 actually) to copy filtered resources, i.e. build is platform dependent!
2022-12-12 17:11:34,740 [Worker-33: Building] INFO  o.e.m.c.i.embedder.EclipseLogger - skip non existing resourceDirectory E:\Nov_Training\test\JFS_Nov2022\src\test\resources
2022-12-12 17:17:47,621 [Worker-36: Building] WARN  o.e.m.c.i.embedder.EclipseLogger - Using platform encoding (Cp1252 actually) to copy filtered resources, i.e. build is platform dependent!
2022-12-12 17:17:47,641 [Worker-36: Building] INFO  o.e.m.c.i.embedder.EclipseLogger - Copying 18 resources
2022-12-12 17:17:47,673 [Worker-36: Building] WARN  o.e.m.c.i.embedder.EclipseLogger - Using platform encoding (Cp1252 actually) to copy filtered resources, i.e. build is platform dependent!
2022-12-12 17:17:47,674 [Worker-36: Building] INFO  o.e.m.c.i.embedder.EclipseLogger - skip non existing resourceDirectory E:\Nov_Training\test\JFS_Nov2022\src\test\resources
2022-12-12 21:24:13,844 [Worker-45: Building] WARN  o.e.m.c.i.embedder.EclipseLogger - Using platform encoding (Cp1252 actually) to copy filtered resources, i.e. build is platform dependent!
2022-12-12 21:24:13,874 [Worker-45: Building] INFO  o.e.m.c.i.embedder.EclipseLogger - Copying 18 resources
2022-12-12 21:24:13,904 [Worker-45: Building] WARN  o.e.m.c.i.embedder.EclipseLogger - Using platform encoding (Cp1252 actually) to copy filtered resources, i.e. build is platform dependent!
2022-12-12 21:24:13,905 [Worker-45: Building] INFO  o.e.m.c.i.embedder.EclipseLogger - skip non existing resourceDirectory E:\Nov_Training\test\JFS_Nov2022\src\test\resources
2022-12-12 21:30:40,141 [Worker-49: Building] WARN  o.e.m.c.i.embedder.EclipseLogger - Using platform encoding (Cp1252 actually) to copy filtered resources, i.e. build is platform dependent!
2022-12-12 21:30:40,171 [Worker-49: Building] INFO  o.e.m.c.i.embedder.EclipseLogger - Copying 18 resources
2022-12-12 21:30:40,201 [Worker-49: Building] WARN  o.e.m.c.i.embedder.EclipseLogger - Using platform encoding (Cp1252 actually) to copy filtered resources, i.e. build is platform dependent!
2022-12-12 21:30:40,202 [Worker-49: Building] INFO  o.e.m.c.i.embedder.EclipseLogger - skip non existing resourceDirectory E:\Nov_Training\test\JFS_Nov2022\src\test\resources
2022-12-13 17:59:53,609 [Worker-198: Building] WARN  o.e.m.c.i.embedder.EclipseLogger - Using platform encoding (Cp1252 actually) to copy filtered resources, i.e. build is platform dependent!
2022-12-13 17:59:53,631 [Worker-198: Building] INFO  o.e.m.c.i.embedder.EclipseLogger - Copying 19 resources
2022-12-13 17:59:53,720 [Worker-198: Building] WARN  o.e.m.c.i.embedder.EclipseLogger - Using platform encoding (Cp1252 actually) to copy filtered resources, i.e. build is platform dependent!
2022-12-13 17:59:53,721 [Worker-198: Building] INFO  o.e.m.c.i.embedder.EclipseLogger - skip non existing resourceDirectory E:\Nov_Training\test\JFS_Nov2022\src\test\resources
2022-12-14 10:56:17,409 [Worker-0: Loading available Gradle versions] INFO  o.e.b.c.i.u.g.PublishedGradleVersions - Gradle version information cache is out-of-date. Trying to update.
2022-12-14 11:05:29,372 [Worker-24: Building] WARN  o.e.m.c.i.embedder.EclipseLogger - Using platform encoding (Cp1252 actually) to copy filtered resources, i.e. build is platform dependent!
2022-12-14 11:05:29,403 [Worker-24: Building] INFO  o.e.m.c.i.embedder.EclipseLogger - Copying 21 resources
2022-12-14 11:05:29,947 [Worker-24: Building] WARN  o.e.m.c.i.embedder.EclipseLogger - Using platform encoding (Cp1252 actually) to copy filtered resources, i.e. build is platform dependent!
2022-12-14 11:05:29,948 [Worker-24: Building] INFO  o.e.m.c.i.embedder.EclipseLogger - skip non existing resourceDirectory E:\Nov_Training\test\JFS_Nov2022\src\test\resources
2022-12-15 12:15:00,180 [Worker-0: Loading available Gradle versions] INFO  o.e.b.c.i.u.g.PublishedGradleVersions - Gradle version information cache is out-of-date. Trying to update.
2022-12-15 17:22:30,619 [Worker-32: Building] WARN  o.e.m.c.i.embedder.EclipseLogger - Using platform encoding (Cp1252 actually) to copy filtered resources, i.e. build is platform dependent!
2022-12-15 17:22:30,629 [Worker-32: Building] INFO  o.e.m.c.i.embedder.EclipseLogger - Copying 21 resources
2022-12-15 17:22:30,753 [Worker-32: Building] WARN  o.e.m.c.i.embedder.EclipseLogger - Using platform encoding (Cp1252 actually) to copy filtered resources, i.e. build is platform dependent!
2022-12-15 17:22:30,753 [Worker-32: Building] INFO  o.e.m.c.i.embedder.EclipseLogger - skip non existing resourceDirectory E:\Nov_Training\test\JFS_Nov2022\src\test\resources
2022-12-15 17:22:57,302 [Worker-34: Building] WARN  o.e.m.c.i.embedder.EclipseLogger - Using platform encoding (Cp1252 actually) to copy filtered resources, i.e. build is platform dependent!
2022-12-15 17:22:58,209 [Worker-34: Building] INFO  o.e.m.c.i.embedder.EclipseLogger - Copying 21 resources
2022-12-15 17:22:58,223 [Worker-34: Building] WARN  o.e.m.c.i.embedder.EclipseLogger - Using platform encoding (Cp1252 actually) to copy filtered resources, i.e. build is platform dependent!
2022-12-15 17:22:58,224 [Worker-34: Building] INFO  o.e.m.c.i.embedder.EclipseLogger - skip non existing resourceDirectory E:\Nov_Training\test\JFS_Nov2022\src\test\resources
2022-12-15 17:22:59,245 [Worker-28: Building] WARN  o.e.m.c.i.embedder.EclipseLogger - Using platform encoding (Cp1252 actually) to copy filtered resources, i.e. build is platform dependent!
2022-12-15 17:22:59,248 [Worker-28: Building] INFO  o.e.m.c.i.embedder.EclipseLogger - Copying 2 resources
2022-12-15 17:22:59,249 [Worker-28: Building] WARN  o.e.m.c.i.embedder.EclipseLogger - Using platform encoding (Cp1252 actually) to copy filtered resources, i.e. build is platform dependent!
2022-12-15 17:22:59,253 [Worker-28: Building] INFO  o.e.m.c.i.embedder.EclipseLogger - skip non existing resourceDirectory E:\Nov_Training\test\JFS_Nov2022\src\test\resources
2022-12-15 17:24:39,185 [Worker-35: Building] WARN  o.e.m.c.i.embedder.EclipseLogger - Using platform encoding (Cp1252 actually) to copy filtered resources, i.e. build is platform dependent!
2022-12-15 17:24:39,251 [Worker-35: Building] INFO  o.e.m.c.i.embedder.EclipseLogger - Copying 21 resources
2022-12-15 17:24:39,318 [Worker-35: Building] WARN  o.e.m.c.i.embedder.EclipseLogger - Using platform encoding (Cp1252 actually) to copy filtered resources, i.e. build is platform dependent!
2022-12-15 17:24:39,320 [Worker-35: Building] INFO  o.e.m.c.i.embedder.EclipseLogger - skip non existing resourceDirectory E:\Nov_Training\test\JFS_Nov2022\src\test\resources
2022-12-15 17:26:23,699 [Worker-36: Building] WARN  o.e.m.c.i.embedder.EclipseLogger - Using platform encoding (Cp1252 actually) to copy filtered resources, i.e. build is platform dependent!
2022-12-15 17:26:23,728 [Worker-36: Building] INFO  o.e.m.c.i.embedder.EclipseLogger - Copying 21 resources
2022-12-15 17:26:23,798 [Worker-36: Building] WARN  o.e.m.c.i.embedder.EclipseLogger - Using platform encoding (Cp1252 actually) to copy filtered resources, i.e. build is platform dependent!
2022-12-15 17:26:23,800 [Worker-36: Building] INFO  o.e.m.c.i.embedder.EclipseLogger - skip non existing resourceDirectory E:\Nov_Training\test\JFS_Nov2022\src\test\resources
2022-12-15 17:30:27,102 [Worker-38: Building] WARN  o.e.m.c.i.embedder.EclipseLogger - Using platform encoding (Cp1252 actually) to copy filtered resources, i.e. build is platform dependent!
2022-12-15 17:30:27,140 [Worker-38: Building] INFO  o.e.m.c.i.embedder.EclipseLogger - Copying 21 resources
2022-12-15 17:30:27,185 [Worker-38: Building] WARN  o.e.m.c.i.embedder.EclipseLogger - Using platform encoding (Cp1252 actually) to copy filtered resources, i.e. build is platform dependent!
2022-12-15 17:30:27,186 [Worker-38: Building] INFO  o.e.m.c.i.embedder.EclipseLogger - skip non existing resourceDirectory E:\Nov_Training\test\JFS_Nov2022\src\test\resources
2022-12-15 20:06:51,694 [Worker-43: Building] WARN  o.e.m.c.i.embedder.EclipseLogger - Using platform encoding (Cp1252 actually) to copy filtered resources, i.e. build is platform dependent!
2022-12-15 20:06:51,720 [Worker-43: Building] INFO  o.e.m.c.i.embedder.EclipseLogger - Copying 21 resources
2022-12-15 20:06:51,781 [Worker-43: Building] WARN  o.e.m.c.i.embedder.EclipseLogger - Using platform encoding (Cp1252 actually) to copy filtered resources, i.e. build is platform dependent!
2022-12-15 20:06:51,783 [Worker-43: Building] INFO  o.e.m.c.i.embedder.EclipseLogger - skip non existing resourceDirectory E:\Nov_Training\test\JFS_Nov2022\src\test\resources
2022-12-16 13:08:26,020 [Worker-0: Loading available Gradle versions] INFO  o.e.b.c.i.u.g.PublishedGradleVersions - Gradle version information cache is out-of-date. Trying to update.
2022-12-19 09:16:42,675 [Worker-5: Loading available Gradle versions] INFO  o.e.b.c.i.u.g.PublishedGradleVersions - Gradle version information cache is out-of-date. Trying to update.
2022-12-19 09:19:40,476 [Worker-21: Building] WARN  o.e.m.c.i.embedder.EclipseLogger - Using platform encoding (Cp1252 actually) to copy filtered resources, i.e. build is platform dependent!
2022-12-19 09:19:40,488 [Worker-21: Building] INFO  o.e.m.c.i.embedder.EclipseLogger - Copying 21 resources
2022-12-19 09:19:40,709 [Worker-21: Building] WARN  o.e.m.c.i.embedder.EclipseLogger - Using platform encoding (Cp1252 actually) to copy filtered resources, i.e. build is platform dependent!
2022-12-19 09:19:40,712 [Worker-21: Building] INFO  o.e.m.c.i.embedder.EclipseLogger - skip non existing resourceDirectory E:\Nov_Training\test\JFS_Nov2022\src\test\resources
2022-12-19 09:40:49,482 [Worker-5: Building] WARN  o.e.m.c.i.embedder.EclipseLogger - Using platform encoding (Cp1252 actually) to copy filtered resources, i.e. build is platform dependent!
2022-12-19 09:40:49,529 [Worker-5: Building] INFO  o.e.m.c.i.embedder.EclipseLogger - Copying 21 resources
2022-12-19 09:40:49,595 [Worker-5: Building] WARN  o.e.m.c.i.embedder.EclipseLogger - Using platform encoding (Cp1252 actually) to copy filtered resources, i.e. build is platform dependent!
2022-12-19 09:40:49,597 [Worker-5: Building] INFO  o.e.m.c.i.embedder.EclipseLogger - skip non existing resourceDirectory E:\Nov_Training\test\JFS_Nov2022\src\test\resources
2022-12-19 09:42:03,643 [Worker-26: Building] WARN  o.e.m.c.i.embedder.EclipseLogger - Using platform encoding (Cp1252 actually) to copy filtered resources, i.e. build is platform dependent!
2022-12-19 09:42:03,676 [Worker-26: Building] INFO  o.e.m.c.i.embedder.EclipseLogger - Copying 21 resources
2022-12-19 09:42:03,735 [Worker-26: Building] WARN  o.e.m.c.i.embedder.EclipseLogger - Using platform encoding (Cp1252 actually) to copy filtered resources, i.e. build is platform dependent!
2022-12-19 09:42:03,737 [Worker-26: Building] INFO  o.e.m.c.i.embedder.EclipseLogger - skip non existing resourceDirectory E:\Nov_Training\test\JFS_Nov2022\src\test\resources
2022-12-19 09:47:51,723 [Worker-27: Building] WARN  o.e.m.c.i.embedder.EclipseLogger - Using platform encoding (Cp1252 actually) to copy filtered resources, i.e. build is platform dependent!
2022-12-19 09:47:51,773 [Worker-27: Building] INFO  o.e.m.c.i.embedder.EclipseLogger - Copying 21 resources
2022-12-19 09:47:51,824 [Worker-27: Building] WARN  o.e.m.c.i.embedder.EclipseLogger - Using platform encoding (Cp1252 actually) to copy filtered resources, i.e. build is platform dependent!
2022-12-19 09:47:51,825 [Worker-27: Building] INFO  o.e.m.c.i.embedder.EclipseLogger - skip non existing resourceDirectory E:\Nov_Training\test\JFS_Nov2022\src\test\resources
2022-12-19 09:47:55,125 [Worker-5: Building] WARN  o.e.m.c.i.embedder.EclipseLogger - Using platform encoding (Cp1252 actually) to copy filtered resources, i.e. build is platform dependent!
2022-12-19 09:47:55,135 [Worker-5: Building] INFO  o.e.m.c.i.embedder.EclipseLogger - Copying 21 resources
2022-12-19 09:47:55,141 [Worker-5: Building] WARN  o.e.m.c.i.embedder.EclipseLogger - Using platform encoding (Cp1252 actually) to copy filtered resources, i.e. build is platform dependent!
2022-12-19 09:47:55,142 [Worker-5: Building] INFO  o.e.m.c.i.embedder.EclipseLogger - skip non existing resourceDirectory E:\Nov_Training\test\JFS_Nov2022\src\test\resources
2022-12-19 09:50:49,128 [Worker-24: Building] WARN  o.e.m.c.i.embedder.EclipseLogger - Using platform encoding (Cp1252 actually) to copy filtered resources, i.e. build is platform dependent!
2022-12-19 09:50:49,148 [Worker-24: Building] INFO  o.e.m.c.i.embedder.EclipseLogger - Copying 21 resources
2022-12-19 09:50:49,227 [Worker-24: Building] WARN  o.e.m.c.i.embedder.EclipseLogger - Using platform encoding (Cp1252 actually) to copy filtered resources, i.e. build is platform dependent!
2022-12-19 09:50:49,228 [Worker-24: Building] INFO  o.e.m.c.i.embedder.EclipseLogger - skip non existing resourceDirectory E:\Nov_Training\test\JFS_Nov2022\src\test\resources
2022-12-19 09:51:19,176 [Worker-27: Building] WARN  o.e.m.c.i.embedder.EclipseLogger - Using platform encoding (Cp1252 actually) to copy filtered resources, i.e. build is platform dependent!
2022-12-19 09:51:19,178 [Worker-27: Building] INFO  o.e.m.c.i.embedder.EclipseLogger - Copying 0 resource
2022-12-19 09:51:19,179 [Worker-27: Building] WARN  o.e.m.c.i.embedder.EclipseLogger - Using platform encoding (Cp1252 actually) to copy filtered resources, i.e. build is platform dependent!
2022-12-19 09:51:19,181 [Worker-27: Building] INFO  o.e.m.c.i.embedder.EclipseLogger - skip non existing resourceDirectory E:\Nov_Training\test\JFS_Nov2022\src\test\resources
2022-12-19 09:55:49,805 [Worker-28: Updating Maven Project] INFO  o.e.m.c.i.p.ProjectConfigurationManager - Update started
2022-12-19 09:55:51,487 [Worker-28: Updating Maven Project] INFO  o.e.m.c.i.l.LifecycleMappingFactory - Using org.eclipse.m2e.jdt.JarLifecycleMapping lifecycle mapping for MavenProject: com.chainsys:training.JFS_Nov2022:0.0.1-SNAPSHOT @ E:\Nov_Training\test\JFS_Nov2022\pom.xml.
2022-12-19 09:55:52,778 [Worker-28: Updating Maven Project] INFO  o.e.m.j.i.AbstractJavaProjectConfigurator - Adding source folder /training.JFS_Nov2022/src
2022-12-19 09:55:52,779 [Worker-28: Updating Maven Project] INFO  o.e.m.j.i.AbstractJavaProjectConfigurator - Resources folder /training.JFS_Nov2022/src overlaps with sources folder /training.JFS_Nov2022/src
2022-12-19 09:55:52,781 [Worker-28: Updating Maven Project] INFO  o.e.m.j.i.AbstractJavaProjectConfigurator - Not adding source folder /training.JFS_Nov2022/src/test/java because it overlaps with /training.JFS_Nov2022/src
2022-12-19 09:55:53,124 [Worker-28: Updating Maven Project] INFO  o.e.m.c.i.p.ProjectConfigurationManager - Update completed: 3 sec
2022-12-19 09:55:54,121 [Worker-32: Building] WARN  o.e.m.c.i.embedder.EclipseLogger - Using platform encoding (Cp1252 actually) to copy filtered resources, i.e. build is platform dependent!
2022-12-19 09:55:54,123 [Worker-32: Building] INFO  o.e.m.c.i.embedder.EclipseLogger - Copying 21 resources
2022-12-19 09:55:54,196 [Worker-32: Building] WARN  o.e.m.c.i.embedder.EclipseLogger - Using platform encoding (Cp1252 actually) to copy filtered resources, i.e. build is platform dependent!
2022-12-19 09:55:54,197 [Worker-32: Building] INFO  o.e.m.c.i.embedder.EclipseLogger - skip non existing resourceDirectory E:\Nov_Training\test\JFS_Nov2022\src\test\resources
2022-12-19 09:58:45,616 [Worker-26: Updating Maven Project] INFO  o.e.m.c.i.p.ProjectConfigurationManager - Update started
2022-12-19 09:58:46,229 [Worker-26: Updating Maven Project] INFO  o.e.m.c.i.l.LifecycleMappingFactory - Using org.eclipse.m2e.jdt.JarLifecycleMapping lifecycle mapping for MavenProject: com.chainsys:training.JFS_Nov2022:0.0.1-SNAPSHOT @ E:\Nov_Training\test\JFS_Nov2022\pom.xml.
2022-12-19 09:58:47,084 [Worker-26: Updating Maven Project] INFO  o.e.m.j.i.AbstractJavaProjectConfigurator - Adding source folder /training.JFS_Nov2022/src
2022-12-19 09:58:47,084 [Worker-26: Updating Maven Project] INFO  o.e.m.j.i.AbstractJavaProjectConfigurator - Resources folder /training.JFS_Nov2022/src overlaps with sources folder /training.JFS_Nov2022/src
2022-12-19 09:58:47,088 [Worker-26: Updating Maven Project] INFO  o.e.m.j.i.AbstractJavaProjectConfigurator - Not adding source folder /training.JFS_Nov2022/src/test/java because it overlaps with /training.JFS_Nov2022/src
2022-12-19 09:58:47,379 [Worker-26: Updating Maven Project] INFO  o.e.m.c.i.p.ProjectConfigurationManager - Update completed: 1 sec
2022-12-19 09:58:48,351 [Worker-26: Building] WARN  o.e.m.c.i.embedder.EclipseLogger - Using platform encoding (Cp1252 actually) to copy filtered resources, i.e. build is platform dependent!
2022-12-19 09:58:48,353 [Worker-26: Building] INFO  o.e.m.c.i.embedder.EclipseLogger - Copying 21 resources
2022-12-19 09:58:48,438 [Worker-26: Building] WARN  o.e.m.c.i.embedder.EclipseLogger - Using platform encoding (Cp1252 actually) to copy filtered resources, i.e. build is platform dependent!
2022-12-19 09:58:48,440 [Worker-26: Building] INFO  o.e.m.c.i.embedder.EclipseLogger - skip non existing resourceDirectory E:\Nov_Training\test\JFS_Nov2022\src\test\resources
2022-12-19 09:59:29,967 [Worker-26: Building] WARN  o.e.m.c.i.embedder.EclipseLogger - Using platform encoding (Cp1252 actually) to copy filtered resources, i.e. build is platform dependent!
2022-12-19 09:59:29,990 [Worker-26: Building] INFO  o.e.m.c.i.embedder.EclipseLogger - Copying 21 resources
2022-12-19 09:59:30,024 [Worker-26: Building] WARN  o.e.m.c.i.embedder.EclipseLogger - Using platform encoding (Cp1252 actually) to copy filtered resources, i.e. build is platform dependent!
2022-12-19 09:59:30,025 [Worker-26: Building] INFO  o.e.m.c.i.embedder.EclipseLogger - skip non existing resourceDirectory E:\Nov_Training\test\JFS_Nov2022\src\test\resources
2022-12-19 09:59:53,484 [Worker-38: Building] WARN  o.e.m.c.i.embedder.EclipseLogger - Using platform encoding (Cp1252 actually) to copy filtered resources, i.e. build is platform dependent!
2022-12-19 09:59:53,489 [Worker-38: Building] INFO  o.e.m.c.i.embedder.EclipseLogger - Copying 0 resource
2022-12-19 09:59:53,491 [Worker-38: Building] WARN  o.e.m.c.i.embedder.EclipseLogger - Using platform encoding (Cp1252 actually) to copy filtered resources, i.e. build is platform dependent!
2022-12-19 09:59:53,494 [Worker-38: Building] INFO  o.e.m.c.i.embedder.EclipseLogger - skip non existing resourceDirectory E:\Nov_Training\test\JFS_Nov2022\src\test\resources
2022-12-19 10:01:58,242 [Worker-26: Building] INFO  o.e.m.c.i.embedder.EclipseLogger - Using 'UTF-8' encoding to copy filtered resources.
2022-12-19 10:01:58,242 [Worker-26: Building] INFO  o.e.m.c.i.embedder.EclipseLogger - skip non existing resourceDirectory E:\Nov_Training\test\ValidatorExample\src\main\resources
2022-12-19 10:01:58,244 [Worker-26: Building] INFO  o.e.m.c.i.embedder.EclipseLogger - Using 'UTF-8' encoding to copy filtered resources.
2022-12-19 10:01:58,244 [Worker-26: Building] INFO  o.e.m.c.i.embedder.EclipseLogger - skip non existing resourceDirectory E:\Nov_Training\test\ValidatorExample\src\test\resources
2022-12-19 10:01:58,962 [Worker-28: Building] INFO  o.e.m.c.i.embedder.EclipseLogger - Using 'UTF-8' encoding to copy filtered resources.
2022-12-19 10:01:58,964 [Worker-28: Building] INFO  o.e.m.c.i.embedder.EclipseLogger - skip non existing resourceDirectory E:\Nov_Training\test\calculator\src\main\resources
2022-12-19 10:01:58,964 [Worker-28: Building] INFO  o.e.m.c.i.embedder.EclipseLogger - Using 'UTF-8' encoding to copy filtered resources.
2022-12-19 10:01:58,965 [Worker-28: Building] INFO  o.e.m.c.i.embedder.EclipseLogger - skip non existing resourceDirectory E:\Nov_Training\test\calculator\src\test\resources
2022-12-19 10:01:59,017 [Worker-28: Building] INFO  o.e.m.c.i.p.WorkspaceClassifierResolverManager - Resolving P/calculator: org.chainsys:calculator:0.0.1-SNAPSHOT with classifier  to /calculator/target/classes
2022-12-19 10:01:59,021 [Worker-28: Building] INFO  o.e.m.c.i.embedder.EclipseLogger - Using 'UTF-8' encoding to copy filtered resources.
2022-12-19 10:01:59,021 [Worker-28: Building] INFO  o.e.m.c.i.embedder.EclipseLogger - skip non existing resourceDirectory E:\Nov_Training\test\calculator1\src\main\resources
2022-12-19 10:01:59,021 [Worker-28: Building] INFO  o.e.m.c.i.embedder.EclipseLogger - Using 'UTF-8' encoding to copy filtered resources.
2022-12-19 10:01:59,021 [Worker-28: Building] INFO  o.e.m.c.i.embedder.EclipseLogger - skip non existing resourceDirectory E:\Nov_Training\test\calculator1\src\test\resources
2022-12-19 10:01:59,161 [Worker-28: Building] INFO  o.e.m.c.i.embedder.EclipseLogger - Using 'UTF-8' encoding to copy filtered resources.
2022-12-19 10:01:59,161 [Worker-28: Building] INFO  o.e.m.c.i.embedder.EclipseLogger - skip non existing resourceDirectory E:\Nov_Training\test\hibernateValidation\src\main\resources
2022-12-19 10:01:59,162 [Worker-28: Building] INFO  o.e.m.c.i.embedder.EclipseLogger - Using 'UTF-8' encoding to copy filtered resources.
2022-12-19 10:01:59,162 [Worker-28: Building] INFO  o.e.m.c.i.embedder.EclipseLogger - skip non existing resourceDirectory E:\Nov_Training\test\hibernateValidation\src\test\resources
2022-12-19 10:01:59,209 [Worker-28: Building] INFO  o.e.m.c.i.embedder.EclipseLogger - Using 'UTF-8' encoding to copy filtered resources.
2022-12-19 10:01:59,210 [Worker-28: Building] INFO  o.e.m.c.i.embedder.EclipseLogger - skip non existing resourceDirectory E:\Nov_Training\test\mavendemo\src\main\resources
2022-12-19 10:01:59,211 [Worker-28: Building] INFO  o.e.m.c.i.embedder.EclipseLogger - Using 'UTF-8' encoding to copy filtered resources.
2022-12-19 10:01:59,211 [Worker-28: Building] INFO  o.e.m.c.i.embedder.EclipseLogger - skip non existing resourceDirectory E:\Nov_Training\test\mavendemo\src\test\resources
2022-12-19 10:01:59,268 [Worker-28: Building] INFO  o.e.m.c.i.embedder.EclipseLogger - Using 'UTF-8' encoding to copy filtered resources.
2022-12-19 10:01:59,268 [Worker-28: Building] INFO  o.e.m.c.i.embedder.EclipseLogger - skip non existing resourceDirectory E:\Nov_Training\test\training\src\main\resources
2022-12-19 10:01:59,270 [Worker-28: Building] INFO  o.e.m.c.i.embedder.EclipseLogger - Using 'UTF-8' encoding to copy filtered resources.
2022-12-19 10:01:59,270 [Worker-28: Building] INFO  o.e.m.c.i.embedder.EclipseLogger - skip non existing resourceDirectory E:\Nov_Training\test\training\src\test\resources
2022-12-19 10:01:59,515 [Worker-28: Building] WARN  o.e.m.c.i.embedder.EclipseLogger - Using platform encoding (Cp1252 actually) to copy filtered resources, i.e. build is platform dependent!
2022-12-19 10:01:59,517 [Worker-28: Building] INFO  o.e.m.c.i.embedder.EclipseLogger - Copying 0 resource
2022-12-19 10:01:59,518 [Worker-28: Building] WARN  o.e.m.c.i.embedder.EclipseLogger - Using platform encoding (Cp1252 actually) to copy filtered resources, i.e. build is platform dependent!
2022-12-19 10:01:59,519 [Worker-28: Building] INFO  o.e.m.c.i.embedder.EclipseLogger - skip non existing resourceDirectory E:\Nov_Training\test\JFS_Nov2022\src\test\resources
2022-12-19 10:10:36,425 [Worker-43: Building] WARN  o.e.m.c.i.embedder.EclipseLogger - Using platform encoding (Cp1252 actually) to copy filtered resources, i.e. build is platform dependent!
2022-12-19 10:10:36,447 [Worker-43: Building] INFO  o.e.m.c.i.embedder.EclipseLogger - Copying 21 resources
2022-12-19 10:10:36,520 [Worker-43: Building] WARN  o.e.m.c.i.embedder.EclipseLogger - Using platform encoding (Cp1252 actually) to copy filtered resources, i.e. build is platform dependent!
2022-12-19 10:10:36,521 [Worker-43: Building] INFO  o.e.m.c.i.embedder.EclipseLogger - skip non existing resourceDirectory E:\Nov_Training\test\JFS_Nov2022\src\test\resources
2022-12-19 10:10:57,099 [Worker-42: Building] WARN  o.e.m.c.i.embedder.EclipseLogger - Using platform encoding (Cp1252 actually) to copy filtered resources, i.e. build is platform dependent!
2022-12-19 10:10:57,117 [Worker-42: Building] INFO  o.e.m.c.i.embedder.EclipseLogger - Copying 21 resources
2022-12-19 10:10:57,412 [Worker-42: Building] WARN  o.e.m.c.i.embedder.EclipseLogger - Using platform encoding (Cp1252 actually) to copy filtered resources, i.e. build is platform dependent!
2022-12-19 10:10:57,413 [Worker-42: Building] INFO  o.e.m.c.i.embedder.EclipseLogger - skip non existing resourceDirectory E:\Nov_Training\test\JFS_Nov2022\src\test\resources
2022-12-19 10:12:12,000 [Worker-43: Building] INFO  o.e.m.c.i.embedder.EclipseLogger - Using 'UTF-8' encoding to copy filtered resources.
2022-12-19 10:12:12,000 [Worker-43: Building] INFO  o.e.m.c.i.embedder.EclipseLogger - skip non existing resourceDirectory E:\Nov_Training\test\ValidatorExample\src\main\resources
2022-12-19 10:12:12,001 [Worker-43: Building] INFO  o.e.m.c.i.embedder.EclipseLogger - Using 'UTF-8' encoding to copy filtered resources.
2022-12-19 10:12:12,002 [Worker-43: Building] INFO  o.e.m.c.i.embedder.EclipseLogger - skip non existing resourceDirectory E:\Nov_Training\test\ValidatorExample\src\test\resources
2022-12-19 10:12:12,120 [Worker-43: Building] INFO  o.e.m.c.i.embedder.EclipseLogger - Using 'UTF-8' encoding to copy filtered resources.
2022-12-19 10:12:12,120 [Worker-43: Building] INFO  o.e.m.c.i.embedder.EclipseLogger - skip non existing resourceDirectory E:\Nov_Training\test\calculator\src\main\resources
2022-12-19 10:12:12,122 [Worker-43: Building] INFO  o.e.m.c.i.embedder.EclipseLogger - Using 'UTF-8' encoding to copy filtered resources.
2022-12-19 10:12:12,122 [Worker-43: Building] INFO  o.e.m.c.i.embedder.EclipseLogger - skip non existing resourceDirectory E:\Nov_Training\test\calculator\src\test\resources
2022-12-19 10:12:12,252 [Worker-43: Building] INFO  o.e.m.c.i.p.WorkspaceClassifierResolverManager - Resolving P/calculator: org.chainsys:calculator:0.0.1-SNAPSHOT with classifier  to /calculator/target/classes
2022-12-19 10:12:12,258 [Worker-43: Building] INFO  o.e.m.c.i.embedder.EclipseLogger - Using 'UTF-8' encoding to copy filtered resources.
2022-12-19 10:12:12,259 [Worker-43: Building] INFO  o.e.m.c.i.embedder.EclipseLogger - skip non existing resourceDirectory E:\Nov_Training\test\calculator1\src\main\resources
2022-12-19 10:12:12,264 [Worker-43: Building] INFO  o.e.m.c.i.embedder.EclipseLogger - Using 'UTF-8' encoding to copy filtered resources.
2022-12-19 10:12:12,266 [Worker-43: Building] INFO  o.e.m.c.i.embedder.EclipseLogger - skip non existing resourceDirectory E:\Nov_Training\test\calculator1\src\test\resources
2022-12-19 10:12:12,386 [Worker-43: Building] INFO  o.e.m.c.i.embedder.EclipseLogger - Using 'UTF-8' encoding to copy filtered resources.
2022-12-19 10:12:12,387 [Worker-43: Building] INFO  o.e.m.c.i.embedder.EclipseLogger - skip non existing resourceDirectory E:\Nov_Training\test\hibernateValidation\src\main\resources
2022-12-19 10:12:12,387 [Worker-43: Building] INFO  o.e.m.c.i.embedder.EclipseLogger - Using 'UTF-8' encoding to copy filtered resources.
2022-12-19 10:12:12,387 [Worker-43: Building] INFO  o.e.m.c.i.embedder.EclipseLogger - skip non existing resourceDirectory E:\Nov_Training\test\hibernateValidation\src\test\resources
2022-12-19 10:12:12,671 [Worker-42: Building] INFO  o.e.m.c.i.embedder.EclipseLogger - Using 'UTF-8' encoding to copy filtered resources.
2022-12-19 10:12:12,671 [Worker-42: Building] INFO  o.e.m.c.i.embedder.EclipseLogger - skip non existing resourceDirectory E:\Nov_Training\test\mavendemo\src\main\resources
2022-12-19 10:12:12,672 [Worker-42: Building] INFO  o.e.m.c.i.embedder.EclipseLogger - Using 'UTF-8' encoding to copy filtered resources.
2022-12-19 10:12:12,672 [Worker-42: Building] INFO  o.e.m.c.i.embedder.EclipseLogger - skip non existing resourceDirectory E:\Nov_Training\test\mavendemo\src\test\resources
2022-12-19 10:12:12,771 [Worker-42: Building] INFO  o.e.m.c.i.embedder.EclipseLogger - Using 'UTF-8' encoding to copy filtered resources.
2022-12-19 10:12:12,771 [Worker-42: Building] INFO  o.e.m.c.i.embedder.EclipseLogger - skip non existing resourceDirectory E:\Nov_Training\test\training\src\main\resources
2022-12-19 10:12:12,772 [Worker-42: Building] INFO  o.e.m.c.i.embedder.EclipseLogger - Using 'UTF-8' encoding to copy filtered resources.
2022-12-19 10:12:12,772 [Worker-42: Building] INFO  o.e.m.c.i.embedder.EclipseLogger - skip non existing resourceDirectory E:\Nov_Training\test\training\src\test\resources
2022-12-19 10:12:14,129 [Worker-45: Building] WARN  o.e.m.c.i.embedder.EclipseLogger - Using platform encoding (Cp1252 actually) to copy filtered resources, i.e. build is platform dependent!
2022-12-19 10:12:14,156 [Worker-45: Building] INFO  o.e.m.c.i.embedder.EclipseLogger - Copying 21 resources
2022-12-19 10:12:14,314 [Worker-45: Building] WARN  o.e.m.c.i.embedder.EclipseLogger - Using platform encoding (Cp1252 actually) to copy filtered resources, i.e. build is platform dependent!
2022-12-19 10:12:14,314 [Worker-45: Building] INFO  o.e.m.c.i.embedder.EclipseLogger - skip non existing resourceDirectory E:\Nov_Training\test\JFS_Nov2022\src\test\resources
2022-12-19 10:13:14,705 [Worker-44: Building] INFO  o.e.m.c.i.embedder.EclipseLogger - Using 'UTF-8' encoding to copy filtered resources.
2022-12-19 10:13:14,706 [Worker-44: Building] INFO  o.e.m.c.i.embedder.EclipseLogger - skip non existing resourceDirectory E:\Nov_Training\test\ValidatorExample\src\main\resources
2022-12-19 10:13:14,708 [Worker-44: Building] INFO  o.e.m.c.i.embedder.EclipseLogger - Using 'UTF-8' encoding to copy filtered resources.
2022-12-19 10:13:14,708 [Worker-44: Building] INFO  o.e.m.c.i.embedder.EclipseLogger - skip non existing resourceDirectory E:\Nov_Training\test\ValidatorExample\src\test\resources
2022-12-19 10:13:14,826 [Worker-44: Building] INFO  o.e.m.c.i.embedder.EclipseLogger - Using 'UTF-8' encoding to copy filtered resources.
2022-12-19 10:13:14,827 [Worker-44: Building] INFO  o.e.m.c.i.embedder.EclipseLogger - skip non existing resourceDirectory E:\Nov_Training\test\calculator\src\main\resources
2022-12-19 10:13:14,828 [Worker-44: Building] INFO  o.e.m.c.i.embedder.EclipseLogger - Using 'UTF-8' encoding to copy filtered resources.
2022-12-19 10:13:14,828 [Worker-44: Building] INFO  o.e.m.c.i.embedder.EclipseLogger - skip non existing resourceDirectory E:\Nov_Training\test\calculator\src\test\resources
2022-12-19 10:13:14,933 [Worker-44: Building] INFO  o.e.m.c.i.p.WorkspaceClassifierResolverManager - Resolving P/calculator: org.chainsys:calculator:0.0.1-SNAPSHOT with classifier  to /calculator/target/classes
2022-12-19 10:13:14,937 [Worker-44: Building] INFO  o.e.m.c.i.embedder.EclipseLogger - Using 'UTF-8' encoding to copy filtered resources.
2022-12-19 10:13:14,937 [Worker-44: Building] INFO  o.e.m.c.i.embedder.EclipseLogger - skip non existing resourceDirectory E:\Nov_Training\test\calculator1\src\main\resources
2022-12-19 10:13:14,938 [Worker-44: Building] INFO  o.e.m.c.i.embedder.EclipseLogger - Using 'UTF-8' encoding to copy filtered resources.
2022-12-19 10:13:14,938 [Worker-44: Building] INFO  o.e.m.c.i.embedder.EclipseLogger - skip non existing resourceDirectory E:\Nov_Training\test\calculator1\src\test\resources
2022-12-19 10:13:15,413 [Worker-44: Building] INFO  o.e.m.c.i.embedder.EclipseLogger - Using 'UTF-8' encoding to copy filtered resources.
2022-12-19 10:13:15,414 [Worker-44: Building] INFO  o.e.m.c.i.embedder.EclipseLogger - skip non existing resourceDirectory E:\Nov_Training\test\hibernateValidation\src\main\resources
2022-12-19 10:13:15,416 [Worker-44: Building] INFO  o.e.m.c.i.embedder.EclipseLogger - Using 'UTF-8' encoding to copy filtered resources.
2022-12-19 10:13:15,417 [Worker-44: Building] INFO  o.e.m.c.i.embedder.EclipseLogger - skip non existing resourceDirectory E:\Nov_Training\test\hibernateValidation\src\test\resources
2022-12-19 10:13:15,550 [Worker-44: Building] INFO  o.e.m.c.i.embedder.EclipseLogger - Using 'UTF-8' encoding to copy filtered resources.
2022-12-19 10:13:15,551 [Worker-44: Building] INFO  o.e.m.c.i.embedder.EclipseLogger - skip non existing resourceDirectory E:\Nov_Training\test\mavendemo\src\main\resources
2022-12-19 10:13:15,552 [Worker-44: Building] INFO  o.e.m.c.i.embedder.EclipseLogger - Using 'UTF-8' encoding to copy filtered resources.
2022-12-19 10:13:15,552 [Worker-44: Building] INFO  o.e.m.c.i.embedder.EclipseLogger - skip non existing resourceDirectory E:\Nov_Training\test\mavendemo\src\test\resources
2022-12-19 10:13:15,631 [Worker-44: Building] INFO  o.e.m.c.i.embedder.EclipseLogger - Using 'UTF-8' encoding to copy filtered resources.
2022-12-19 10:13:15,631 [Worker-44: Building] INFO  o.e.m.c.i.embedder.EclipseLogger - skip non existing resourceDirectory E:\Nov_Training\test\training\src\main\resources
2022-12-19 10:13:15,632 [Worker-44: Building] INFO  o.e.m.c.i.embedder.EclipseLogger - Using 'UTF-8' encoding to copy filtered resources.
2022-12-19 10:13:15,632 [Worker-44: Building] INFO  o.e.m.c.i.embedder.EclipseLogger - skip non existing resourceDirectory E:\Nov_Training\test\training\src\test\resources
2022-12-19 10:13:15,945 [Worker-44: Building] WARN  o.e.m.c.i.embedder.EclipseLogger - Using platform encoding (Cp1252 actually) to copy filtered resources, i.e. build is platform dependent!
2022-12-19 10:13:15,949 [Worker-44: Building] INFO  o.e.m.c.i.embedder.EclipseLogger - Copying 0 resource
2022-12-19 10:13:15,950 [Worker-44: Building] WARN  o.e.m.c.i.embedder.EclipseLogger - Using platform encoding (Cp1252 actually) to copy filtered resources, i.e. build is platform dependent!
2022-12-19 10:13:15,952 [Worker-44: Building] INFO  o.e.m.c.i.embedder.EclipseLogger - skip non existing resourceDirectory E:\Nov_Training\test\JFS_Nov2022\src\test\resources
2022-12-19 10:13:26,412 [Worker-43: Rebuilding] INFO  o.e.m.c.i.embedder.EclipseLogger - Using 'UTF-8' encoding to copy filtered resources.
2022-12-19 10:13:26,413 [Worker-43: Rebuilding] INFO  o.e.m.c.i.embedder.EclipseLogger - skip non existing resourceDirectory E:\Nov_Training\test\ValidatorExample\src\main\resources
2022-12-19 10:13:26,413 [Worker-43: Rebuilding] INFO  o.e.m.c.i.embedder.EclipseLogger - Using 'UTF-8' encoding to copy filtered resources.
2022-12-19 10:13:26,413 [Worker-43: Rebuilding] INFO  o.e.m.c.i.embedder.EclipseLogger - skip non existing resourceDirectory E:\Nov_Training\test\ValidatorExample\src\test\resources
2022-12-19 10:13:26,481 [Worker-43: Rebuilding] INFO  o.e.m.c.i.embedder.EclipseLogger - Using 'UTF-8' encoding to copy filtered resources.
2022-12-19 10:13:26,482 [Worker-43: Rebuilding] INFO  o.e.m.c.i.embedder.EclipseLogger - skip non existing resourceDirectory E:\Nov_Training\test\calculator\src\main\resources
2022-12-19 10:13:26,482 [Worker-43: Rebuilding] INFO  o.e.m.c.i.embedder.EclipseLogger - Using 'UTF-8' encoding to copy filtered resources.
2022-12-19 10:13:26,483 [Worker-43: Rebuilding] INFO  o.e.m.c.i.embedder.EclipseLogger - skip non existing resourceDirectory E:\Nov_Training\test\calculator\src\test\resources
2022-12-19 10:13:26,551 [Worker-43: Rebuilding] INFO  o.e.m.c.i.p.WorkspaceClassifierResolverManager - Resolving P/calculator: org.chainsys:calculator:0.0.1-SNAPSHOT with classifier  to /calculator/target/classes
2022-12-19 10:13:26,553 [Worker-43: Rebuilding] INFO  o.e.m.c.i.embedder.EclipseLogger - Using 'UTF-8' encoding to copy filtered resources.
2022-12-19 10:13:26,553 [Worker-43: Rebuilding] INFO  o.e.m.c.i.embedder.EclipseLogger - skip non existing resourceDirectory E:\Nov_Training\test\calculator1\src\main\resources
2022-12-19 10:13:26,555 [Worker-43: Rebuilding] INFO  o.e.m.c.i.embedder.EclipseLogger - Using 'UTF-8' encoding to copy filtered resources.
2022-12-19 10:13:26,555 [Worker-43: Rebuilding] INFO  o.e.m.c.i.embedder.EclipseLogger - skip non existing resourceDirectory E:\Nov_Training\test\calculator1\src\test\resources
2022-12-19 10:13:26,719 [Worker-43: Rebuilding] INFO  o.e.m.c.i.embedder.EclipseLogger - Using 'UTF-8' encoding to copy filtered resources.
2022-12-19 10:13:26,719 [Worker-43: Rebuilding] INFO  o.e.m.c.i.embedder.EclipseLogger - skip non existing resourceDirectory E:\Nov_Training\test\hibernateValidation\src\main\resources
2022-12-19 10:13:26,720 [Worker-43: Rebuilding] INFO  o.e.m.c.i.embedder.EclipseLogger - Using 'UTF-8' encoding to copy filtered resources.
2022-12-19 10:13:26,720 [Worker-43: Rebuilding] INFO  o.e.m.c.i.embedder.EclipseLogger - skip non existing resourceDirectory E:\Nov_Training\test\hibernateValidation\src\test\resources
2022-12-19 10:13:26,809 [Worker-43: Rebuilding] INFO  o.e.m.c.i.embedder.EclipseLogger - Using 'UTF-8' encoding to copy filtered resources.
2022-12-19 10:13:26,809 [Worker-43: Rebuilding] INFO  o.e.m.c.i.embedder.EclipseLogger - skip non existing resourceDirectory E:\Nov_Training\test\mavendemo\src\main\resources
2022-12-19 10:13:26,809 [Worker-43: Rebuilding] INFO  o.e.m.c.i.embedder.EclipseLogger - Using 'UTF-8' encoding to copy filtered resources.
2022-12-19 10:13:26,809 [Worker-43: Rebuilding] INFO  o.e.m.c.i.embedder.EclipseLogger - skip non existing resourceDirectory E:\Nov_Training\test\mavendemo\src\test\resources
2022-12-19 10:13:26,872 [Worker-43: Rebuilding] INFO  o.e.m.c.i.embedder.EclipseLogger - Using 'UTF-8' encoding to copy filtered resources.
2022-12-19 10:13:26,873 [Worker-43: Rebuilding] INFO  o.e.m.c.i.embedder.EclipseLogger - skip non existing resourceDirectory E:\Nov_Training\test\training\src\main\resources
2022-12-19 10:13:26,873 [Worker-43: Rebuilding] INFO  o.e.m.c.i.embedder.EclipseLogger - Using 'UTF-8' encoding to copy filtered resources.
2022-12-19 10:13:26,874 [Worker-43: Rebuilding] INFO  o.e.m.c.i.embedder.EclipseLogger - skip non existing resourceDirectory E:\Nov_Training\test\training\src\test\resources
2022-12-19 10:13:27,067 [Worker-43: Rebuilding] WARN  o.e.m.c.i.embedder.EclipseLogger - Using platform encoding (Cp1252 actually) to copy filtered resources, i.e. build is platform dependent!
2022-12-19 10:13:27,069 [Worker-43: Rebuilding] INFO  o.e.m.c.i.embedder.EclipseLogger - Copying 21 resources
2022-12-19 10:13:27,108 [Worker-43: Rebuilding] WARN  o.e.m.c.i.embedder.EclipseLogger - Using platform encoding (Cp1252 actually) to copy filtered resources, i.e. build is platform dependent!
2022-12-19 10:13:27,110 [Worker-43: Rebuilding] INFO  o.e.m.c.i.embedder.EclipseLogger - skip non existing resourceDirectory E:\Nov_Training\test\JFS_Nov2022\src\test\resources
2022-12-19 10:14:00,565 [Worker-45: Building] INFO  o.e.m.c.i.embedder.EclipseLogger - Using 'UTF-8' encoding to copy filtered resources.
2022-12-19 10:14:00,566 [Worker-45: Building] INFO  o.e.m.c.i.embedder.EclipseLogger - skip non existing resourceDirectory E:\Nov_Training\test\ValidatorExample\src\main\resources
2022-12-19 10:14:00,566 [Worker-45: Building] INFO  o.e.m.c.i.embedder.EclipseLogger - Using 'UTF-8' encoding to copy filtered resources.
2022-12-19 10:14:00,567 [Worker-45: Building] INFO  o.e.m.c.i.embedder.EclipseLogger - skip non existing resourceDirectory E:\Nov_Training\test\ValidatorExample\src\test\resources
2022-12-19 10:14:00,597 [Worker-45: Building] INFO  o.e.m.c.i.embedder.EclipseLogger - Using 'UTF-8' encoding to copy filtered resources.
2022-12-19 10:14:00,598 [Worker-45: Building] INFO  o.e.m.c.i.embedder.EclipseLogger - skip non existing resourceDirectory E:\Nov_Training\test\calculator\src\main\resources
2022-12-19 10:14:00,599 [Worker-45: Building] INFO  o.e.m.c.i.embedder.EclipseLogger - Using 'UTF-8' encoding to copy filtered resources.
2022-12-19 10:14:00,599 [Worker-45: Building] INFO  o.e.m.c.i.embedder.EclipseLogger - skip non existing resourceDirectory E:\Nov_Training\test\calculator\src\test\resources
2022-12-19 10:14:00,618 [Worker-45: Building] INFO  o.e.m.c.i.p.WorkspaceClassifierResolverManager - Resolving P/calculator: org.chainsys:calculator:0.0.1-SNAPSHOT with classifier  to /calculator/target/classes
2022-12-19 10:14:00,624 [Worker-45: Building] INFO  o.e.m.c.i.embedder.EclipseLogger - Using 'UTF-8' encoding to copy filtered resources.
2022-12-19 10:14:00,624 [Worker-45: Building] INFO  o.e.m.c.i.embedder.EclipseLogger - skip non existing resourceDirectory E:\Nov_Training\test\calculator1\src\main\resources
2022-12-19 10:14:00,626 [Worker-45: Building] INFO  o.e.m.c.i.embedder.EclipseLogger - Using 'UTF-8' encoding to copy filtered resources.
2022-12-19 10:14:00,626 [Worker-45: Building] INFO  o.e.m.c.i.embedder.EclipseLogger - skip non existing resourceDirectory E:\Nov_Training\test\calculator1\src\test\resources
2022-12-19 10:14:00,721 [Worker-45: Building] INFO  o.e.m.c.i.embedder.EclipseLogger - Using 'UTF-8' encoding to copy filtered resources.
2022-12-19 10:14:00,721 [Worker-45: Building] INFO  o.e.m.c.i.embedder.EclipseLogger - skip non existing resourceDirectory E:\Nov_Training\test\hibernateValidation\src\main\resources
2022-12-19 10:14:00,722 [Worker-45: Building] INFO  o.e.m.c.i.embedder.EclipseLogger - Using 'UTF-8' encoding to copy filtered resources.
2022-12-19 10:14:00,722 [Worker-45: Building] INFO  o.e.m.c.i.embedder.EclipseLogger - skip non existing resourceDirectory E:\Nov_Training\test\hibernateValidation\src\test\resources
2022-12-19 10:14:00,734 [Worker-45: Building] INFO  o.e.m.c.i.embedder.EclipseLogger - Using 'UTF-8' encoding to copy filtered resources.
2022-12-19 10:14:00,734 [Worker-45: Building] INFO  o.e.m.c.i.embedder.EclipseLogger - skip non existing resourceDirectory E:\Nov_Training\test\mavendemo\src\main\resources
2022-12-19 10:14:00,735 [Worker-45: Building] INFO  o.e.m.c.i.embedder.EclipseLogger - Using 'UTF-8' encoding to copy filtered resources.
2022-12-19 10:14:00,735 [Worker-45: Building] INFO  o.e.m.c.i.embedder.EclipseLogger - skip non existing resourceDirectory E:\Nov_Training\test\mavendemo\src\test\resources
2022-12-19 10:14:00,749 [Worker-45: Building] INFO  o.e.m.c.i.embedder.EclipseLogger - Using 'UTF-8' encoding to copy filtered resources.
2022-12-19 10:14:00,750 [Worker-45: Building] INFO  o.e.m.c.i.embedder.EclipseLogger - skip non existing resourceDirectory E:\Nov_Training\test\training\src\main\resources
2022-12-19 10:14:00,750 [Worker-45: Building] INFO  o.e.m.c.i.embedder.EclipseLogger - Using 'UTF-8' encoding to copy filtered resources.
2022-12-19 10:14:00,751 [Worker-45: Building] INFO  o.e.m.c.i.embedder.EclipseLogger - skip non existing resourceDirectory E:\Nov_Training\test\training\src\test\resources
2022-12-19 18:00:49,167 [Worker-82: Building] WARN  o.e.m.c.i.embedder.EclipseLogger - Using platform encoding (Cp1252 actually) to copy filtered resources, i.e. build is platform dependent!
2022-12-19 18:00:49,172 [Worker-82: Building] INFO  o.e.m.c.i.embedder.EclipseLogger - Copying 1 resource
2022-12-19 18:00:49,187 [Worker-82: Building] WARN  o.e.m.c.i.embedder.EclipseLogger - Using platform encoding (Cp1252 actually) to copy filtered resources, i.e. build is platform dependent!
2022-12-19 18:00:49,188 [Worker-82: Building] INFO  o.e.m.c.i.embedder.EclipseLogger - skip non existing resourceDirectory E:\Nov_Training\test\JFS_Nov2022\src\test\resources
2022-12-20 16:38:47,789 [Worker-177: Building] WARN  o.e.m.c.i.embedder.EclipseLogger - Using platform encoding (Cp1252 actually) to copy filtered resources, i.e. build is platform dependent!
2022-12-20 16:38:47,793 [Worker-177: Building] INFO  o.e.m.c.i.embedder.EclipseLogger - Copying 1 resource
2022-12-20 16:38:47,798 [Worker-177: Building] WARN  o.e.m.c.i.embedder.EclipseLogger - Using platform encoding (Cp1252 actually) to copy filtered resources, i.e. build is platform dependent!
2022-12-20 16:38:47,799 [Worker-177: Building] INFO  o.e.m.c.i.embedder.EclipseLogger - skip non existing resourceDirectory E:\Nov_Training\test\JFS_Nov2022\src\test\resources
